<?xml version="1.0" encoding="UTF-8"?>
<testng-results skipped="0" failed="1" ignored="1" total="12" passed="10">
  <reporter-output>
  </reporter-output>
  <suite name="Suite" duration-ms="192" started-at="2018-11-12T03:06:57Z" finished-at="2018-11-12T03:06:57Z">
    <groups>
      <group name="unitTest">
        <method signature="Base3Test.testThree()[pri:0, instance:basicMaven.Base3Test@61862a7f]" name="testThree" class="basicMaven.Base3Test"/>
        <method signature="BaseTest.testFive(java.lang.String, java.lang.String)[pri:0, instance:basicMaven.BaseTest@384ad17b]" name="testFive" class="basicMaven.BaseTest"/>
        <method signature="Base2Test.testTwo(java.lang.String)[pri:0, instance:basicMaven.Base2Test@67d48005]" name="testTwo" class="basicMaven.Base2Test"/>
      </group> <!-- unitTest -->
    </groups>
    <test name="Test" duration-ms="142" started-at="2018-11-12T03:06:57Z" finished-at="2018-11-12T03:06:57Z">
      <class name="basicMaven.BaseTest">
        <test-method status="PASS" signature="testBefore()[pri:0, instance:basicMaven.BaseTest@384ad17b]" name="testBefore" is-config="true" duration-ms="0" started-at="2018-11-12T03:06:57Z" finished-at="2018-11-12T03:06:57Z">
          <reporter-output>
          </reporter-output>
        </test-method> <!-- testBefore -->
        <test-method status="FAIL" signature="testFive(java.lang.String, java.lang.String)[pri:0, instance:basicMaven.BaseTest@384ad17b]" name="testFive" duration-ms="8" started-at="2018-11-12T03:06:57Z" finished-at="2018-11-12T03:06:57Z">
          <params>
            <param index="0">
              <value>
                <![CDATA[www.google.com]]>
              </value>
            </param>
            <param index="1">
              <value>
                <![CDATA[admin]]>
              </value>
            </param>
          </params>
          <exception class="java.lang.AssertionError">
            <message>
              <![CDATA[expected [true] but found [false]]]>
            </message>
            <full-stacktrace>
              <![CDATA[java.lang.AssertionError: expected [true] but found [false]
at org.testng.Assert.fail(Assert.java:96)
at org.testng.Assert.failNotEquals(Assert.java:776)
at org.testng.Assert.assertTrue(Assert.java:44)
at org.testng.Assert.assertTrue(Assert.java:54)
at basicMaven.BaseTest.testFive(BaseTest.java:34)
at sun.reflect.NativeMethodAccessorImpl.invoke0(Native Method)
at sun.reflect.NativeMethodAccessorImpl.invoke(Unknown Source)
at sun.reflect.DelegatingMethodAccessorImpl.invoke(Unknown Source)
at java.lang.reflect.Method.invoke(Unknown Source)
at org.testng.internal.MethodInvocationHelper.invokeMethod(MethodInvocationHelper.java:124)
at org.testng.internal.Invoker.invokeMethod(Invoker.java:580)
at org.testng.internal.Invoker.invokeTestMethod(Invoker.java:716)
at org.testng.internal.Invoker.invokeTestMethods(Invoker.java:988)
at org.testng.internal.TestMethodWorker.invokeTestMethods(TestMethodWorker.java:125)
at org.testng.internal.TestMethodWorker.run(TestMethodWorker.java:109)
at org.testng.TestRunner.privateRun(TestRunner.java:648)
at org.testng.TestRunner.run(TestRunner.java:505)
at org.testng.SuiteRunner.runTest(SuiteRunner.java:455)
at org.testng.SuiteRunner.runSequentially(SuiteRunner.java:450)
at org.testng.SuiteRunner.privateRun(SuiteRunner.java:415)
at org.testng.SuiteRunner.run(SuiteRunner.java:364)
at org.testng.SuiteRunnerWorker.runSuite(SuiteRunnerWorker.java:52)
at org.testng.SuiteRunnerWorker.run(SuiteRunnerWorker.java:84)
at org.testng.TestNG.runSuitesSequentially(TestNG.java:1208)
at org.testng.TestNG.runSuitesLocally(TestNG.java:1137)
at org.testng.TestNG.runSuites(TestNG.java:1049)
at org.testng.TestNG.run(TestNG.java:1017)
at org.testng.remote.AbstractRemoteTestNG.run(AbstractRemoteTestNG.java:114)
at org.testng.remote.RemoteTestNG.initAndRun(RemoteTestNG.java:251)
at org.testng.remote.RemoteTestNG.main(RemoteTestNG.java:77)
]]>
            </full-stacktrace>
          </exception> <!-- java.lang.AssertionError -->
          <reporter-output>
          </reporter-output>
        </test-method> <!-- testFive -->
        <test-method status="PASS" signature="testSeven(java.lang.String, java.lang.String)[pri:0, instance:basicMaven.BaseTest@384ad17b]" name="testSeven" duration-ms="20" started-at="2018-11-12T03:06:57Z" data-provider="dataProvider" finished-at="2018-11-12T03:06:57Z">
          <params>
            <param index="0">
              <value>
                <![CDATA[Pword-One]]>
              </value>
            </param>
            <param index="1">
              <value is-null="true"/>
            </param>
          </params>
          <reporter-output>
          </reporter-output>
        </test-method> <!-- testSeven -->
        <test-method status="PASS" signature="testSeven(java.lang.String, java.lang.String)[pri:0, instance:basicMaven.BaseTest@384ad17b]" name="testSeven" duration-ms="8" started-at="2018-11-12T03:06:57Z" data-provider="dataProvider" finished-at="2018-11-12T03:06:57Z">
          <params>
            <param index="0">
              <value>
                <![CDATA[Uname-Two]]>
              </value>
            </param>
            <param index="1">
              <value>
                <![CDATA[Pword-Two]]>
              </value>
            </param>
          </params>
          <reporter-output>
          </reporter-output>
        </test-method> <!-- testSeven -->
        <test-method status="PASS" signature="testSeven(java.lang.String, java.lang.String)[pri:0, instance:basicMaven.BaseTest@384ad17b]" name="testSeven" duration-ms="4" started-at="2018-11-12T03:06:57Z" data-provider="dataProvider" finished-at="2018-11-12T03:06:57Z">
          <params>
            <param index="0">
              <value>
                <![CDATA[Uname-Three]]>
              </value>
            </param>
            <param index="1">
              <value>
                <![CDATA[Pword-Three]]>
              </value>
            </param>
          </params>
          <reporter-output>
          </reporter-output>
        </test-method> <!-- testSeven -->
        <test-method status="PASS" signature="testSix(java.lang.String, java.lang.String)[pri:0, instance:basicMaven.BaseTest@384ad17b]" name="testSix" duration-ms="5" started-at="2018-11-12T03:06:57Z" data-provider="dataProvider" finished-at="2018-11-12T03:06:57Z">
          <params>
            <param index="0">
              <value>
                <![CDATA[Pword-One]]>
              </value>
            </param>
            <param index="1">
              <value is-null="true"/>
            </param>
          </params>
          <reporter-output>
          </reporter-output>
        </test-method> <!-- testSix -->
        <test-method status="PASS" signature="testSix(java.lang.String, java.lang.String)[pri:0, instance:basicMaven.BaseTest@384ad17b]" name="testSix" duration-ms="6" started-at="2018-11-12T03:06:57Z" data-provider="dataProvider" finished-at="2018-11-12T03:06:57Z">
          <params>
            <param index="0">
              <value>
                <![CDATA[Uname-Two]]>
              </value>
            </param>
            <param index="1">
              <value>
                <![CDATA[Pword-Two]]>
              </value>
            </param>
          </params>
          <reporter-output>
          </reporter-output>
        </test-method> <!-- testSix -->
        <test-method status="PASS" signature="testSix(java.lang.String, java.lang.String)[pri:0, instance:basicMaven.BaseTest@384ad17b]" name="testSix" duration-ms="2" started-at="2018-11-12T03:06:57Z" data-provider="dataProvider" finished-at="2018-11-12T03:06:57Z">
          <params>
            <param index="0">
              <value>
                <![CDATA[Uname-Three]]>
              </value>
            </param>
            <param index="1">
              <value>
                <![CDATA[Pword-Three]]>
              </value>
            </param>
          </params>
          <reporter-output>
          </reporter-output>
        </test-method> <!-- testSix -->
        <test-method status="PASS" signature="testAfter()[pri:0, instance:basicMaven.BaseTest@384ad17b]" name="testAfter" is-config="true" duration-ms="13" started-at="2018-11-12T03:06:57Z" finished-at="2018-11-12T03:06:57Z">
          <reporter-output>
          </reporter-output>
        </test-method> <!-- testAfter -->
      </class> <!-- basicMaven.BaseTest -->
      <class name="basicMaven.Base3Test">
        <test-method status="PASS" signature="beforeMethod()[pri:0, instance:basicMaven.Base3Test@61862a7f]" name="beforeMethod" is-config="true" duration-ms="1" started-at="2018-11-12T03:06:57Z" finished-at="2018-11-12T03:06:57Z">
          <reporter-output>
          </reporter-output>
        </test-method> <!-- beforeMethod -->
        <test-method status="PASS" signature="testFour()[pri:0, instance:basicMaven.Base3Test@61862a7f]" name="testFour" duration-ms="2" started-at="2018-11-12T03:06:57Z" finished-at="2018-11-12T03:06:57Z">
          <reporter-output>
          </reporter-output>
        </test-method> <!-- testFour -->
        <test-method status="PASS" signature="afterMethod()[pri:0, instance:basicMaven.Base3Test@61862a7f]" name="afterMethod" is-config="true" duration-ms="0" started-at="2018-11-12T03:06:57Z" finished-at="2018-11-12T03:06:57Z">
          <reporter-output>
          </reporter-output>
        </test-method> <!-- afterMethod -->
        <test-method status="PASS" signature="beforeMethod()[pri:0, instance:basicMaven.Base3Test@61862a7f]" name="beforeMethod" is-config="true" duration-ms="0" started-at="2018-11-12T03:06:57Z" finished-at="2018-11-12T03:06:57Z">
          <reporter-output>
          </reporter-output>
        </test-method> <!-- beforeMethod -->
        <test-method status="PASS" signature="testThree()[pri:0, instance:basicMaven.Base3Test@61862a7f]" name="testThree" duration-ms="1" started-at="2018-11-12T03:06:57Z" finished-at="2018-11-12T03:06:57Z">
          <reporter-output>
          </reporter-output>
        </test-method> <!-- testThree -->
        <test-method status="PASS" signature="afterMethod()[pri:0, instance:basicMaven.Base3Test@61862a7f]" name="afterMethod" is-config="true" duration-ms="0" started-at="2018-11-12T03:06:57Z" finished-at="2018-11-12T03:06:57Z">
          <reporter-output>
          </reporter-output>
        </test-method> <!-- afterMethod -->
      </class> <!-- basicMaven.Base3Test -->
    </test> <!-- Test -->
    <test name="Round Two" duration-ms="7" started-at="2018-11-12T03:06:57Z" finished-at="2018-11-12T03:06:57Z">
      <class name="basicMaven.Base2Test">
        <test-method status="PASS" signature="testOne()[pri:0, instance:basicMaven.Base2Test@67d48005]" name="testOne" duration-ms="1" started-at="2018-11-12T03:06:57Z" finished-at="2018-11-12T03:06:57Z">
          <reporter-output>
          </reporter-output>
        </test-method> <!-- testOne -->
        <test-method status="PASS" signature="testTwo(java.lang.String)[pri:0, instance:basicMaven.Base2Test@67d48005]" name="testTwo" duration-ms="2" started-at="2018-11-12T03:06:57Z" finished-at="2018-11-12T03:06:57Z">
          <params>
            <param index="0">
              <value>
                <![CDATA[www.msn.com]]>
              </value>
            </param>
          </params>
          <reporter-output>
          </reporter-output>
        </test-method> <!-- testTwo -->
      </class> <!-- basicMaven.Base2Test -->
      <class name="basicMaven.BaseTest">
        <test-method status="PASS" signature="testBeforeSuite()[pri:0, instance:basicMaven.BaseTest@384ad17b]" name="testBeforeSuite" is-config="true" duration-ms="16" started-at="2018-11-12T03:06:57Z" finished-at="2018-11-12T03:06:57Z">
          <reporter-output>
          </reporter-output>
        </test-method> <!-- testBeforeSuite -->
        <test-method status="PASS" signature="testAfterSuite()[pri:0, instance:basicMaven.BaseTest@384ad17b]" name="testAfterSuite" is-config="true" duration-ms="0" started-at="2018-11-12T03:06:57Z" finished-at="2018-11-12T03:06:57Z">
          <reporter-output>
          </reporter-output>
        </test-method> <!-- testAfterSuite -->
      </class> <!-- basicMaven.BaseTest -->
    </test> <!-- Round Two -->
  </suite> <!-- Suite -->
</testng-results>
